<?xml version="1.0" encoding="UTF-8"?>
<!-- Generated by org.testng.reporters.JUnitReportReporter -->
<testsuite hostname="DESKTOP-L6KRBIQ" failures="0" tests="3" name="TestNG_Annotations.Amazon_facebook_snapdeal" time="40.878" errors="0" timestamp="2023-10-06T14:46:21 IST" skipped="0">
  <testcase classname="TestNG_Annotations.Amazon_facebook_snapdeal" name="amazon" time="20.230"/>
  <testcase classname="TestNG_Annotations.Amazon_facebook_snapdeal" name="fb" time="9.846"/>
  <testcase classname="TestNG_Annotations.Amazon_facebook_snapdeal" name="snapdeal" time="10.802"/>
</testsuite> <!-- TestNG_Annotations.Amazon_facebook_snapdeal -->
