<?xml version="1.0" encoding="UTF-8"?>
<!-- Generated by org.testng.reporters.JUnitReportReporter -->
<testsuite hostname="DESKTOP-L6KRBIQ" failures="0" tests="1" name="TestNG_Sequential.Amazon" time="15.532" errors="0" timestamp="2023-10-04T16:09:17 IST" skipped="0">
  <testcase classname="TestNG_Sequential.Amazon" name="amz" time="15.532"/>
</testsuite> <!-- TestNG_Sequential.Amazon -->
