<?xml version="1.0" encoding="UTF-8"?>
<!-- Generated by org.testng.reporters.JUnitReportReporter -->
<testsuite hostname="DESKTOP-L6KRBIQ" failures="0" tests="3" name="TestNG.DataProviders" time="36.044" errors="0" timestamp="2023-10-06T16:00:17 IST" skipped="0">
  <testcase classname="TestNG.DataProviders" name="demo" time="13.266"/>
  <testcase classname="TestNG.DataProviders" name="demo" time="11.794"/>
  <testcase classname="TestNG.DataProviders" name="demo" time="10.984"/>
</testsuite> <!-- TestNG.DataProviders -->
