<?xml version="1.0" encoding="UTF-8"?>
<!-- Generated by org.testng.reporters.JUnitReportReporter -->
<testsuite hostname="DESKTOP-L6KRBIQ" failures="0" tests="1" name="TestNG_failingPurpose.facebook" time="11.079" errors="0" timestamp="2023-10-06T15:40:05 IST" skipped="0">
  <testcase classname="TestNG_failingPurpose.facebook" name="fb" time="11.079"/>
</testsuite> <!-- TestNG_failingPurpose.facebook -->
