<?xml version="1.0" encoding="UTF-8"?>
<!-- Generated by org.testng.reporters.JUnitReportReporter -->
<testsuite hostname="DESKTOP-L6KRBIQ" failures="0" tests="2" name="TestNG.Priority_Invocation_Enabled" time="0.028" errors="0" timestamp="2023-10-04T15:32:52 IST" skipped="1">
  <testcase classname="TestNG.Priority_Invocation_Enabled" name="demo3" time="0.028"/>
  <testcase classname="TestNG.Priority_Invocation_Enabled" name="demo2">
    <skipped/>
  </testcase> <!-- demo2 -->
</testsuite> <!-- TestNG.Priority_Invocation_Enabled -->
