<?xml version="1.0" encoding="UTF-8"?>
<!-- Generated by org.testng.reporters.JUnitReportReporter -->
<testsuite hostname="DESKTOP-L6KRBIQ" failures="0" tests="1" name="TestNG_Parallel.Facebook_Distributed" time="15.182" errors="0" timestamp="2023-10-05T14:32:36 IST" skipped="0">
  <testcase classname="TestNG_Parallel.Facebook_Distributed" name="fb" time="15.182"/>
</testsuite> <!-- TestNG_Parallel.Facebook_Distributed -->
