<?xml version="1.0" encoding="UTF-8"?>
<!-- Generated by org.testng.reporters.JUnitReportReporter -->
<testsuite hostname="DESKTOP-L6KRBIQ" failures="0" tests="2" name="TestNG.Assertions" time="13.164" errors="0" timestamp="2023-10-06T15:31:26 IST" skipped="0">
  <testcase classname="TestNG.Assertions" name="quit" time="0.638"/>
  <testcase classname="TestNG.Assertions" name="fb" time="12.526"/>
</testsuite> <!-- TestNG.Assertions -->
