<?xml version="1.0" encoding="UTF-8"?>
<!-- Generated by org.testng.reporters.JUnitReportReporter -->
<testsuite hostname="DESKTOP-L6KRBIQ" failures="0" tests="1" name="TestNG_Parallel.Amazon_Distributed" time="31.019" errors="0" timestamp="2023-10-05T14:32:36 IST" skipped="0">
  <testcase classname="TestNG_Parallel.Amazon_Distributed" name="amz" time="31.019"/>
</testsuite> <!-- TestNG_Parallel.Amazon_Distributed -->
