<?xml version="1.0" encoding="UTF-8"?>
<!-- Generated by org.testng.reporters.JUnitReportReporter -->
<testsuite hostname="DESKTOP-L6KRBIQ" failures="0" tests="2" name="TestNG_Group.sample2" time="0.011" errors="0" timestamp="2023-10-05T15:37:39 IST" skipped="0">
  <testcase classname="TestNG_Group.sample2" name="demo4" time="0.007"/>
  <testcase classname="TestNG_Group.sample2" name="demo3" time="0.004"/>
</testsuite> <!-- TestNG_Group.sample2 -->
