<?xml version="1.0" encoding="UTF-8"?>
<!-- Generated by org.testng.reporters.JUnitReportReporter -->
<testsuite hostname="DESKTOP-L6KRBIQ" failures="0" tests="1" name="TestNG_Group.sample1" time="0.021" errors="0" timestamp="2023-10-05T15:37:39 IST" skipped="0">
  <testcase classname="TestNG_Group.sample1" name="demo2" time="0.021"/>
</testsuite> <!-- TestNG_Group.sample1 -->
